<?xml version="1.0" encoding="utf-8"?><testsuites name="pytest tests"><testsuite name="pytest" errors="0" failures="0" skipped="0" tests="17" time="4.067" timestamp="2026-09-11T19:30:47.374478+00:00" hostname="agent-env-1749b41d-0dce-4789-b772-231a30cbbea9"><testcase classname="tests.test_rca_calc" name="test_get_holidays" time="0.325" /><testcase classname="tests.test_rca_calc" name="test_calculate_default_sample" time="0.175" /><testcase classname="tests.test_rca_calc" name="test_valoare_reparatie_formula" time="0.176" /><testcase classname="tests.test_rca_calc" name="test_norma_detection[2022-09-10-N20]" time="0.145" /><testcase classname="tests.test_rca_calc" name="test_norma_detection[2022-01-01-N20]" time="0.210" /><testcase classname="tests.test_rca_calc" name="test_norma_detection[2023-04-11-N18]" time="0.189" /><testcase classname="tests.test_rca_calc" name="test_norma_detection[2022-09-11-N18]" time="0.195" /><testcase classname="tests.test_rca_calc" name="test_norma_detection[2025-06-30-HG298]" time="0.171" /><testcase classname="tests.test_rca_calc" name="test_norma_detection[2023-04-12-HG298]" time="0.176" /><testcase classname="tests.test_rca_calc" name="test_norma_detection[2025-07-01-N18 dupa incetarea HG298]" time="0.173" /><testcase classname="tests.test_rca_calc" name="test_norma_detection[2026-06-11-N18 dupa incetarea HG298]" time="0.136" /><testcase classname="tests.test_rca_calc" name="test_zile_facturate_cap" time="0.317" /><testcase classname="tests.test_rca_calc" name="test_no_overlap_warning" time="0.183" /><testcase classname="tests.test_rca_calc" name="test_culpa_periods" time="0.158" /><testcase classname="tests.test_rca_calc" name="test_holiday_inside_repair" time="0.222" /><testcase classname="tests.test_rca_calc" name="test_price_abuse_true" time="0.205" /><testcase classname="tests.test_rca_calc" name="test_price_abuse_false" time="0.266" /></testsuite></testsuites>